C:\Python\Python37\python.exe D:/Code/PycharmProjects/linovelib2epub/src/linovelib2epub/linovelib2epub.py
Succeed to get the novel of book_id: 682
黄昏色的咏使
细音启 著

任谁都听不见的细微低语，乘着黎明的风传送而来……
创造出据说不可能成立的夜色名咏，以及精通所有五色的虹色名咏。
伊芙玛丽和凯因兹两人许下约定，要实现任谁都会嘲笑是空想的梦想；少年和少女分别步上了不同的道路。
随着时光流逝，继承了伊芙玛丽意志的奈特邂逅了学习红色名咏的库露耶露……
包含了各式各样的心愿与不安，一段动人的故事就此展开。
 https://w.linovelib.com/files/article/image/0/682/682s.jpg
[Milestone]: save pickle/682_basic_info.pickle done.
Succeed to get the catalog of book_id: 682
volume: 第一卷 夏娃在黎明时微笑
chapter : 插图
Processing page... https://w.linovelib.com/novel/682/117077.html
chapter : 「彩虹与夜色的交会──远在起始之前──」
Processing page... https://w.linovelib.com/novel/682/32683.html
Processing page... https://w.linovelib.com/novel/682/32683_2.html
Processing page... https://w.linovelib.com/novel/682/32683_3.html
Processing page... https://w.linovelib.com/novel/682/32683_4.html
chapter : 「红色与夜色的练习曲」
Processing page... https://w.linovelib.com/novel/682/32684.html
Processing page... https://w.linovelib.com/novel/682/32684_2.html
Processing page... https://w.linovelib.com/novel/682/32684_3.html
Processing page... https://w.linovelib.com/novel/682/32684_4.html
Processing page... https://w.linovelib.com/novel/682/32684_5.html
Processing page... https://w.linovelib.com/novel/682/32684_6.html
Processing page... https://w.linovelib.com/novel/682/32684_7.html
chapter : 「群众的交响曲」
Processing page... https://w.linovelib.com/novel/682/32685.html
Processing page... https://w.linovelib.com/novel/682/32685_2.html
Processing page... https://w.linovelib.com/novel/682/32685_3.html
Processing page... https://w.linovelib.com/novel/682/32685_4.html
Processing page... https://w.linovelib.com/novel/682/32685_5.html
Processing page... https://w.linovelib.com/novel/682/32685_6.html
Processing page... https://w.linovelib.com/novel/682/32685_7.html
chapter : 「风唤起了枯草色的回忆」
Processing page... https://w.linovelib.com/novel/682/32686.html
Processing page... https://w.linovelib.com/novel/682/32686_2.html
chapter : 「开端与约定的歌剧」
Processing page... https://w.linovelib.com/novel/682/32687.html
Processing page... https://w.linovelib.com/novel/682/32687_2.html
Processing page... https://w.linovelib.com/novel/682/32687_3.html
Processing page... https://w.linovelib.com/novel/682/32687_4.html
Processing page... https://w.linovelib.com/novel/682/32687_5.html
Processing page... https://w.linovelib.com/novel/682/32687_6.html
Processing page... https://w.linovelib.com/novel/682/32687_7.html
chapter : 「誓者高歌，世界啊，迎接黄昏」
Processing page... https://w.linovelib.com/novel/682/32688.html
Processing page... https://w.linovelib.com/novel/682/32688_2.html
Processing page... https://w.linovelib.com/novel/682/32688_3.html
Processing page... https://w.linovelib.com/novel/682/32688_4.html
Processing page... https://w.linovelib.com/novel/682/32688_5.html
Processing page... https://w.linovelib.com/novel/682/32688_6.html
Processing page... https://w.linovelib.com/novel/682/32688_7.html
Processing page... https://w.linovelib.com/novel/682/32688_8.html
Processing page... https://w.linovelib.com/novel/682/32688_9.html
Processing page... https://w.linovelib.com/novel/682/32688_10.html
chapter : 「你所盼望的喜悦──夏娃在黎明时微笑──」
Processing page... https://w.linovelib.com/novel/682/32689.html
Processing page... https://w.linovelib.com/novel/682/32689_2.html
Processing page... https://w.linovelib.com/novel/682/32689_3.html
Processing page... https://w.linovelib.com/novel/682/32689_4.html
Processing page... https://w.linovelib.com/novel/682/32689_5.html
Processing page... https://w.linovelib.com/novel/682/32689_6.html
chapter : 「黎明色的咏使」
Processing page... https://w.linovelib.com/novel/682/32690.html
Processing page... https://w.linovelib.com/novel/682/32690_2.html
volume: 第二卷 咏唱少女将往何方
chapter : 插图
Processing page... https://w.linovelib.com/novel/682/117078.html
chapter : 序
Processing page... https://w.linovelib.com/novel/682/32692.html
chapter : 梦奏 「希望重回那一天、那一刻」
Processing page... https://w.linovelib.com/novel/682/32693.html
chapter : 序奏 “薄暮中的两人”
Processing page... https://w.linovelib.com/novel/682/32694.html
Processing page... https://w.linovelib.com/novel/682/32694_2.html
chapter : 一奏 “想成为红铜色的咏使”
Processing page... https://w.linovelib.com/novel/682/32695.html
Processing page... https://w.linovelib.com/novel/682/32695_2.html
Processing page... https://w.linovelib.com/novel/682/32695_3.html
Processing page... https://w.linovelib.com/novel/682/32695_4.html
Processing page... https://w.linovelib.com/novel/682/32695_5.html
chapter : 二奏 “仅仅渴求这一刻”
Processing page... https://w.linovelib.com/novel/682/32696.html
Processing page... https://w.linovelib.com/novel/682/32696_2.html
Processing page... https://w.linovelib.com/novel/682/32696_3.html
Processing page... https://w.linovelib.com/novel/682/32696_4.html
chapter : 三奏 “我想逃开，可是，不知为何却又无法割舍”
Processing page... https://w.linovelib.com/novel/682/32697.html
Processing page... https://w.linovelib.com/novel/682/32697_2.html
Processing page... https://w.linovelib.com/novel/682/32697_3.html
Processing page... https://w.linovelib.com/novel/682/32697_4.html
Processing page... https://w.linovelib.com/novel/682/32697_5.html
Processing page... https://w.linovelib.com/novel/682/32697_6.html
Processing page... https://w.linovelib.com/novel/682/32697_7.html
Processing page... https://w.linovelib.com/novel/682/32697_8.html
chapter : 间奏 “夏季凉风的牵引”
Processing page... https://w.linovelib.com/novel/682/32698.html
chapter : 四奏 “请指引我，让长枪成为守护的方向”
Processing page... https://w.linovelib.com/novel/682/32699.html
Processing page... https://w.linovelib.com/novel/682/32699_2.html
Processing page... https://w.linovelib.com/novel/682/32699_3.html
Processing page... https://w.linovelib.com/novel/682/32699_4.html
Processing page... https://w.linovelib.com/novel/682/32699_5.html
Processing page... https://w.linovelib.com/novel/682/32699_6.html
Processing page... https://w.linovelib.com/novel/682/32699_7.html
Processing page... https://w.linovelib.com/novel/682/32699_8.html
chapter : 终奏 “众人高歌 咏唱枪使的方向”
Processing page... https://w.linovelib.com/novel/682/32700.html
Processing page... https://w.linovelib.com/novel/682/32700_2.html
Processing page... https://w.linovelib.com/novel/682/32700_3.html
Processing page... https://w.linovelib.com/novel/682/32700_4.html
Processing page... https://w.linovelib.com/novel/682/32700_5.html
Processing page... https://w.linovelib.com/novel/682/32700_6.html
Processing page... https://w.linovelib.com/novel/682/32700_7.html
chapter : 间奏 第二幕 “三年前——”
Processing page... https://w.linovelib.com/novel/682/32701.html
chapter : 赠奏 “咏唱祓名民的荣耀”
Processing page... https://w.linovelib.com/novel/682/32702.html
Processing page... https://w.linovelib.com/novel/682/32702_2.html
chapter : 回奏 “三年前 Lastihyt:miquvy Wer shela-c-nixer arsa”
Processing page... https://w.linovelib.com/novel/682/32703.html
chapter : 后记
Processing page... https://w.linovelib.com/novel/682/32704.html
volume: 第三卷 败者之王高唱阿玛迪斯之诗
chapter : 插图
Processing page... https://w.linovelib.com/novel/682/117079.html
chapter : 序奏
Processing page... https://w.linovelib.com/novel/682/32706.html
chapter : 回奏「我在那里看到的是——」
Processing page... https://w.linovelib.com/novel/682/32707.html
chapter : 序奏 第二幕「A小调的音色」
Processing page... https://w.linovelib.com/novel/682/32708.html
Processing page... https://w.linovelib.com/novel/682/32708_2.html
Processing page... https://w.linovelib.com/novel/682/32708_3.html
chapter : 一奏「未知之歌的鼓动」」
Processing page... https://w.linovelib.com/novel/682/32709.html
Processing page... https://w.linovelib.com/novel/682/32709_2.html
Processing page... https://w.linovelib.com/novel/682/32709_3.html
Processing page... https://w.linovelib.com/novel/682/32709_4.html
Processing page... https://w.linovelib.com/novel/682/32709_5.html
Processing page... https://w.linovelib.com/novel/682/32709_6.html
chapter : 二奏「如果我没回来——」
Processing page... https://w.linovelib.com/novel/682/32710.html
Processing page... https://w.linovelib.com/novel/682/32710_2.html
Processing page... https://w.linovelib.com/novel/682/32710_3.html
Processing page... https://w.linovelib.com/novel/682/32710_4.html
Processing page... https://w.linovelib.com/novel/682/32710_5.html
Processing page... https://w.linovelib.com/novel/682/32710_6.html
chapter : 三奏「你不认为这是个很棒的夜晚吗——Kluele Sophi Net——」
Processing page... https://w.linovelib.com/novel/682/32711.html
Processing page... https://w.linovelib.com/novel/682/32711_2.html
Processing page... https://w.linovelib.com/novel/682/32711_3.html
Processing page... https://w.linovelib.com/novel/682/32711_4.html
Processing page... https://w.linovelib.com/novel/682/32711_5.html
Processing page... https://w.linovelib.com/novel/682/32711_6.html
Processing page... https://w.linovelib.com/novel/682/32711_7.html
Processing page... https://w.linovelib.com/novel/682/32711_8.html
Processing page... https://w.linovelib.com/novel/682/32711_9.html
chapter : 四奏「疼痛?发烧?抽痛——声音」
Processing page... https://w.linovelib.com/novel/682/32712.html
Processing page... https://w.linovelib.com/novel/682/32712_2.html
Processing page... https://w.linovelib.com/novel/682/32712_3.html
Processing page... https://w.linovelib.com/novel/682/32712_4.html
Processing page... https://w.linovelib.com/novel/682/32712_5.html
Processing page... https://w.linovelib.com/novel/682/32712_6.html
Processing page... https://w.linovelib.com/novel/682/32712_7.html
Processing page... https://w.linovelib.com/novel/682/32712_8.html
Processing page... https://w.linovelib.com/novel/682/32712_9.html
Processing page... https://w.linovelib.com/novel/682/32712_10.html
chapter : 间奏 第二幕「那一天那一刻，你见到了什么？
Processing page... https://w.linovelib.com/novel/682/32713.html
chapter : 间奏 第二幕「那一天那一刻，你见到了什么？
Processing page... https://w.linovelib.com/novel/682/32714.html
chapter : 终奏「夜色之卵孵化时
Processing page... https://w.linovelib.com/novel/682/32715.html
Processing page... https://w.linovelib.com/novel/682/32715_2.html
Processing page... https://w.linovelib.com/novel/682/32715_3.html
Processing page... https://w.linovelib.com/novel/682/32715_4.html
Processing page... https://w.linovelib.com/novel/682/32715_5.html
Processing page... https://w.linovelib.com/novel/682/32715_6.html
Processing page... https://w.linovelib.com/novel/682/32715_7.html
chapter : 赠奏「因为这里永远是歇息的地方」
Processing page... https://w.linovelib.com/novel/682/32716.html
Processing page... https://w.linovelib.com/novel/682/32716_2.html
Processing page... https://w.linovelib.com/novel/682/32716_3.html
chapter : 后记
Processing page... https://w.linovelib.com/novel/682/32717.html
volume: 第四卷 舞动的世界、夏娃的调音
chapter : 插图
Processing page... https://w.linovelib.com/novel/682/117080.html
chapter : 虚奏「心的碎片」
Processing page... https://w.linovelib.com/novel/682/32719.html
chapter : 序奏「于札拉贝尔——泪之岛上」
Processing page... https://w.linovelib.com/novel/682/32720.html
Processing page... https://w.linovelib.com/novel/682/32720_2.html
chapter : 一奏「破碎的绯红」
Processing page... https://w.linovelib.com/novel/682/32721.html
Processing page... https://w.linovelib.com/novel/682/32721_2.html
Processing page... https://w.linovelib.com/novel/682/32721_3.html
Processing page... https://w.linovelib.com/novel/682/32721_4.html
Processing page... https://w.linovelib.com/novel/682/32721_5.html
Processing page... https://w.linovelib.com/novel/682/32721_6.html
Processing page... https://w.linovelib.com/novel/682/32721_7.html
chapter : 间奏「异端之长」
Processing page... https://w.linovelib.com/novel/682/32722.html
Processing page... https://w.linovelib.com/novel/682/32722_2.html
chapter : 二奏「摇篮、沉睡、静谧的夜」
Processing page... https://w.linovelib.com/novel/682/32723.html
Processing page... https://w.linovelib.com/novel/682/32723_2.html
Processing page... https://w.linovelib.com/novel/682/32723_3.html
Processing page... https://w.linovelib.com/novel/682/32723_4.html
Processing page... https://w.linovelib.com/novel/682/32723_5.html
chapter : 三奏「最长、最深的一夜展开」
Processing page... https://w.linovelib.com/novel/682/32724.html
Processing page... https://w.linovelib.com/novel/682/32724_2.html
Processing page... https://w.linovelib.com/novel/682/32724_3.html
Processing page... https://w.linovelib.com/novel/682/32724_4.html
Processing page... https://w.linovelib.com/novel/682/32724_5.html
Processing page... https://w.linovelib.com/novel/682/32724_6.html
Processing page... https://w.linovelib.com/novel/682/32724_7.html
Processing page... https://w.linovelib.com/novel/682/32724_8.html
chapter : 间奏 第二幕「于凯修塔鲁罗亚—风碎之岛上」
Processing page... https://w.linovelib.com/novel/682/32725.html
chapter : 四奏「空白与黎明的交会」
Processing page... https://w.linovelib.com/novel/682/32726.html
Processing page... https://w.linovelib.com/novel/682/32726_2.html
Processing page... https://w.linovelib.com/novel/682/32726_3.html
Processing page... https://w.linovelib.com/novel/682/32726_4.html
Processing page... https://w.linovelib.com/novel/682/32726_5.html
Processing page... https://w.linovelib.com/novel/682/32726_6.html
chapter : 五奏「孤挺花舞动，世界的调音走调」
Processing page... https://w.linovelib.com/novel/682/32727.html
Processing page... https://w.linovelib.com/novel/682/32727_2.html
Processing page... https://w.linovelib.com/novel/682/32727_3.html
Processing page... https://w.linovelib.com/novel/682/32727_4.html
Processing page... https://w.linovelib.com/novel/682/32727_5.html
chapter : 间奏 第三幕二旦不决心的曲调」
Processing page... https://w.linovelib.com/novel/682/32728.html
Processing page... https://w.linovelib.com/novel/682/32728_2.html
chapter : 终奏「夜色的理由，在映照一切的夜空下」
Processing page... https://w.linovelib.com/novel/682/32729.html
Processing page... https://w.linovelib.com/novel/682/32729_2.html
Processing page... https://w.linovelib.com/novel/682/32729_3.html
Processing page... https://w.linovelib.com/novel/682/32729_4.html
chapter : 连奏「在比任何人都遥远的地方」
Processing page... https://w.linovelib.com/novel/682/32730.html
Processing page... https://w.linovelib.com/novel/682/32730_2.html
chapter : 赠奏「在如此靠近之处」
Processing page... https://w.linovelib.com/novel/682/32731.html
Processing page... https://w.linovelib.com/novel/682/32731_2.html
chapter : 后记
Processing page... https://w.linovelib.com/novel/682/32732.html
volume: 第五卷 梦见所有歌曲的孩子们
chapter : 插图
Processing page... https://w.linovelib.com/novel/682/117081.html
chapter : 序奏
Processing page... https://w.linovelib.com/novel/682/32734.html
chapter : 一奏
Processing page... https://w.linovelib.com/novel/682/32735.html
Processing page... https://w.linovelib.com/novel/682/32735_2.html
Processing page... https://w.linovelib.com/novel/682/32735_3.html
Processing page... https://w.linovelib.com/novel/682/32735_4.html
Processing page... https://w.linovelib.com/novel/682/32735_5.html
Processing page... https://w.linovelib.com/novel/682/32735_6.html
chapter : 二奏
Processing page... https://w.linovelib.com/novel/682/32736.html
Processing page... https://w.linovelib.com/novel/682/32736_2.html
Processing page... https://w.linovelib.com/novel/682/32736_3.html
Processing page... https://w.linovelib.com/novel/682/32736_4.html
Processing page... https://w.linovelib.com/novel/682/32736_5.html
chapter : 三奏
Processing page... https://w.linovelib.com/novel/682/32737.html
Processing page... https://w.linovelib.com/novel/682/32737_2.html
Processing page... https://w.linovelib.com/novel/682/32737_3.html
Processing page... https://w.linovelib.com/novel/682/32737_4.html
chapter : 四奏
Processing page... https://w.linovelib.com/novel/682/32738.html
Processing page... https://w.linovelib.com/novel/682/32738_2.html
Processing page... https://w.linovelib.com/novel/682/32738_3.html
Processing page... https://w.linovelib.com/novel/682/32738_4.html
chapter : 五奏
Processing page... https://w.linovelib.com/novel/682/32739.html
Processing page... https://w.linovelib.com/novel/682/32739_2.html
Processing page... https://w.linovelib.com/novel/682/32739_3.html
Processing page... https://w.linovelib.com/novel/682/32739_4.html
Processing page... https://w.linovelib.com/novel/682/32739_5.html
Processing page... https://w.linovelib.com/novel/682/32739_6.html
Processing page... https://w.linovelib.com/novel/682/32739_7.html
Processing page... https://w.linovelib.com/novel/682/32739_8.html
chapter : 六奏
Processing page... https://w.linovelib.com/novel/682/32740.html
Processing page... https://w.linovelib.com/novel/682/32740_2.html
Processing page... https://w.linovelib.com/novel/682/32740_3.html
Processing page... https://w.linovelib.com/novel/682/32740_4.html
Processing page... https://w.linovelib.com/novel/682/32740_5.html
Processing page... https://w.linovelib.com/novel/682/32740_6.html
Processing page... https://w.linovelib.com/novel/682/32740_7.html
Processing page... https://w.linovelib.com/novel/682/32740_8.html
Processing page... https://w.linovelib.com/novel/682/32740_9.html
Processing page... https://w.linovelib.com/novel/682/32740_10.html
Processing page... https://w.linovelib.com/novel/682/32740_11.html
Processing page... https://w.linovelib.com/novel/682/32740_12.html
Processing page... https://w.linovelib.com/novel/682/32740_13.html
chapter : 终奏
Processing page... https://w.linovelib.com/novel/682/32741.html
Processing page... https://w.linovelib.com/novel/682/32741_2.html
Processing page... https://w.linovelib.com/novel/682/32741_3.html
chapter : 赠奏
Processing page... https://w.linovelib.com/novel/682/32742.html
Processing page... https://w.linovelib.com/novel/682/32742_2.html
Processing page... https://w.linovelib.com/novel/682/32742_3.html
chapter : 后记
Processing page... https://w.linovelib.com/novel/682/32743.html
Processing page... https://w.linovelib.com/novel/682/32743_2.html
volume: 短篇
chapter : 寻找吧，那是我的宝物！
Processing page... https://w.linovelib.com/novel/682/32745.html
Processing page... https://w.linovelib.com/novel/682/32745_2.html
Processing page... https://w.linovelib.com/novel/682/32745_3.html
Processing page... https://w.linovelib.com/novel/682/32745_4.html
Processing page... https://w.linovelib.com/novel/682/32745_5.html
volume: 第六卷 萧的福音于焉降临
chapter : 插图
Processing page... https://w.linovelib.com/novel/682/117082.html
chapter : 序章
Processing page... https://w.linovelib.com/novel/682/32747.html
chapter : 红奏「赠与你的小小黑之歌」
Processing page... https://w.linovelib.com/novel/682/32748.html
Processing page... https://w.linovelib.com/novel/682/32748_2.html
Processing page... https://w.linovelib.com/novel/682/32748_3.html
Processing page... https://w.linovelib.com/novel/682/32748_4.html
Processing page... https://w.linovelib.com/novel/682/32748_5.html
Processing page... https://w.linovelib.com/novel/682/32748_6.html
chapter : 绿奏「快找，那是我的!」
Processing page... https://w.linovelib.com/novel/682/32749.html
Processing page... https://w.linovelib.com/novel/682/32749_2.html
Processing page... https://w.linovelib.com/novel/682/32749_3.html
Processing page... https://w.linovelib.com/novel/682/32749_4.html
Processing page... https://w.linovelib.com/novel/682/32749_5.html
Processing page... https://w.linovelib.com/novel/682/32749_6.html
chapter : 蓝奏「超越阿玛迪斯者」
Processing page... https://w.linovelib.com/novel/682/32750.html
Processing page... https://w.linovelib.com/novel/682/32750_2.html
Processing page... https://w.linovelib.com/novel/682/32750_3.html
Processing page... https://w.linovelib.com/novel/682/32750_4.html
Processing page... https://w.linovelib.com/novel/682/32750_5.html
chapter : 白奏「距离花园最近的场所」
Processing page... https://w.linovelib.com/novel/682/32751.html
Processing page... https://w.linovelib.com/novel/682/32751_2.html
Processing page... https://w.linovelib.com/novel/682/32751_3.html
Processing page... https://w.linovelib.com/novel/682/32751_4.html
Processing page... https://w.linovelib.com/novel/682/32751_5.html
Processing page... https://w.linovelib.com/novel/682/32751_6.html
chapter : 黄奏「快跑，那是我的!」
Processing page... https://w.linovelib.com/novel/682/32752.html
Processing page... https://w.linovelib.com/novel/682/32752_2.html
Processing page... https://w.linovelib.com/novel/682/32752_3.html
Processing page... https://w.linovelib.com/novel/682/32752_4.html
Processing page... https://w.linovelib.com/novel/682/32752_5.html
Processing page... https://w.linovelib.com/novel/682/32752_6.html
Processing page... https://w.linovelib.com/novel/682/32752_7.html
chapter : 虹奏「直到重逢那一天的夜曲」
Processing page... https://w.linovelib.com/novel/682/32753.html
Processing page... https://w.linovelib.com/novel/682/32753_2.html
Processing page... https://w.linovelib.com/novel/682/32753_3.html
Processing page... https://w.linovelib.com/novel/682/32753_4.html
Processing page... https://w.linovelib.com/novel/682/32753_5.html
chapter : 禁律.夜奏「孤挺花于午夜绽放」
Processing page... https://w.linovelib.com/novel/682/32754.html
chapter : 禁律.空奏「萧的福音于焉降临」
Processing page... https://w.linovelib.com/novel/682/32755.html
Processing page... https://w.linovelib.com/novel/682/32755_2.html
Processing page... https://w.linovelib.com/novel/682/32755_3.html
Processing page... https://w.linovelib.com/novel/682/32755_4.html
Processing page... https://w.linovelib.com/novel/682/32755_5.html
Processing page... https://w.linovelib.com/novel/682/32755_6.html
chapter : 后记
Processing page... https://w.linovelib.com/novel/682/32756.html
volume: 第七卷 新约之门 米克瓦的洗礼
chapter : 插图
Processing page... https://w.linovelib.com/novel/682/117083.html
chapter : 序奏 「萧、汝为仅只是伫立者」
Processing page... https://w.linovelib.com/novel/682/32758.html
chapter : 一奏 「预感」」
Processing page... https://w.linovelib.com/novel/682/32759.html
Processing page... https://w.linovelib.com/novel/682/32759_2.html
Processing page... https://w.linovelib.com/novel/682/32759_3.html
Processing page... https://w.linovelib.com/novel/682/32759_4.html
Processing page... https://w.linovelib.com/novel/682/32759_5.html
Processing page... https://w.linovelib.com/novel/682/32759_6.html
chapter : 二奏 「未至」
Processing page... https://w.linovelib.com/novel/682/32760.html
Processing page... https://w.linovelib.com/novel/682/32760_2.html
Processing page... https://w.linovelib.com/novel/682/32760_3.html
Processing page... https://w.linovelib.com/novel/682/32760_4.html
Processing page... https://w.linovelib.com/novel/682/32760_5.html
Processing page... https://w.linovelib.com/novel/682/32760_6.html
Processing page... https://w.linovelib.com/novel/682/32760_7.html
chapter : 间奏 「脚步声」
Processing page... https://w.linovelib.com/novel/682/32761.html
Processing page... https://w.linovelib.com/novel/682/32761_2.html
chapter : 三奏 「再忆」
Processing page... https://w.linovelib.com/novel/682/32762.html
Processing page... https://w.linovelib.com/novel/682/32762_2.html
Processing page... https://w.linovelib.com/novel/682/32762_3.html
Processing page... https://w.linovelib.com/novel/682/32762_4.html
Processing page... https://w.linovelib.com/novel/682/32762_5.html
Processing page... https://w.linovelib.com/novel/682/32762_6.html
chapter : 四奏 「灰色」
Processing page... https://w.linovelib.com/novel/682/32763.html
Processing page... https://w.linovelib.com/novel/682/32763_2.html
Processing page... https://w.linovelib.com/novel/682/32763_3.html
Processing page... https://w.linovelib.com/novel/682/32763_4.html
chapter : 五奏「仅只是伫立在那处者」
Processing page... https://w.linovelib.com/novel/682/32764.html
Processing page... https://w.linovelib.com/novel/682/32764_2.html
Processing page... https://w.linovelib.com/novel/682/32764_3.html
Processing page... https://w.linovelib.com/novel/682/32764_4.html
Processing page... https://w.linovelib.com/novel/682/32764_5.html
chapter : 六奏 「新约之门、歌咏的世界响起祈祷」
Processing page... https://w.linovelib.com/novel/682/32765.html
Processing page... https://w.linovelib.com/novel/682/32765_2.html
Processing page... https://w.linovelib.com/novel/682/32765_3.html
Processing page... https://w.linovelib.com/novel/682/32765_4.html
Processing page... https://w.linovelib.com/novel/682/32765_5.html
Processing page... https://w.linovelib.com/novel/682/32765_6.html
Processing page... https://w.linovelib.com/novel/682/32765_7.html
Processing page... https://w.linovelib.com/novel/682/32765_8.html
chapter : 七奏 阳 「夜──预兆──」
Processing page... https://w.linovelib.com/novel/682/32766.html
Processing page... https://w.linovelib.com/novel/682/32766_2.html
Processing page... https://w.linovelib.com/novel/682/32766_3.html
chapter : 七奏 月「夜—始音—」
Processing page... https://w.linovelib.com/novel/682/32767.html
Processing page... https://w.linovelib.com/novel/682/32767_2.html
chapter : 终奏 「夜──有如微笑般──」
Processing page... https://w.linovelib.com/novel/682/32768.html
Processing page... https://w.linovelib.com/novel/682/32768_2.html
Processing page... https://w.linovelib.com/novel/682/32768_3.html
Processing page... https://w.linovelib.com/novel/682/32768_4.html
Processing page... https://w.linovelib.com/novel/682/32768_5.html
Processing page... https://w.linovelib.com/novel/682/32768_6.html
chapter : 后记
Processing page... https://w.linovelib.com/novel/682/32769.html
volume: 第八卷 莉莉丝向百亿颗星星祈祷
chapter : 插图
Processing page... https://w.linovelib.com/novel/682/117084.html
chapter : 序奏 「有如微笑般」
Processing page... https://w.linovelib.com/novel/682/32771.html
chapter : 一奏 「同行者澄澈的决心」
Processing page... https://w.linovelib.com/novel/682/32772.html
Processing page... https://w.linovelib.com/novel/682/32772_2.html
Processing page... https://w.linovelib.com/novel/682/32772_3.html
Processing page... https://w.linovelib.com/novel/682/32772_4.html
Processing page... https://w.linovelib.com/novel/682/32772_5.html
chapter : 间奏 「A小调」
Processing page... https://w.linovelib.com/novel/682/32773.html
chapter : 二奏 「瑟拉的庭园」
Processing page... https://w.linovelib.com/novel/682/32774.html
Processing page... https://w.linovelib.com/novel/682/32774_2.html
Processing page... https://w.linovelib.com/novel/682/32774_3.html
Processing page... https://w.linovelib.com/novel/682/32774_4.html
Processing page... https://w.linovelib.com/novel/682/32774_5.html
Processing page... https://w.linovelib.com/novel/682/32774_6.html
Processing page... https://w.linovelib.com/novel/682/32774_7.html
chapter : 绯奏 「莉莉丝向百亿颗星星祈祷」
Processing page... https://w.linovelib.com/novel/682/32775.html
Processing page... https://w.linovelib.com/novel/682/32775_2.html
Processing page... https://w.linovelib.com/novel/682/32775_3.html
Processing page... https://w.linovelib.com/novel/682/32775_4.html
Processing page... https://w.linovelib.com/novel/682/32775_5.html
Processing page... https://w.linovelib.com/novel/682/32775_6.html
chapter : 三奏 「诀别」
Processing page... https://w.linovelib.com/novel/682/32776.html
Processing page... https://w.linovelib.com/novel/682/32776_2.html
Processing page... https://w.linovelib.com/novel/682/32776_3.html
Processing page... https://w.linovelib.com/novel/682/32776_4.html
Processing page... https://w.linovelib.com/novel/682/32776_5.html
Processing page... https://w.linovelib.com/novel/682/32776_6.html
Processing page... https://w.linovelib.com/novel/682/32776_7.html
Processing page... https://w.linovelib.com/novel/682/32776_8.html
Processing page... https://w.linovelib.com/novel/682/32776_9.html
chapter : 间奏·第二幕 「作为朋友」
Processing page... https://w.linovelib.com/novel/682/32777.html
Processing page... https://w.linovelib.com/novel/682/32777_2.html
chapter : 四奏 「至少在这些血燃尽前」
Processing page... https://w.linovelib.com/novel/682/32778.html
Processing page... https://w.linovelib.com/novel/682/32778_2.html
Processing page... https://w.linovelib.com/novel/682/32778_3.html
Processing page... https://w.linovelib.com/novel/682/32778_4.html
Processing page... https://w.linovelib.com/novel/682/32778_5.html
Processing page... https://w.linovelib.com/novel/682/32778_6.html
Processing page... https://w.linovelib.com/novel/682/32778_7.html
chapter : 绯奏·第二幕 「在最漫长、深沉、冰冷的夜里」
Processing page... https://w.linovelib.com/novel/682/32779.html
Processing page... https://w.linovelib.com/novel/682/32779_2.html
chapter : 终奏 「交会，接着进一步朝时间中心前去」
Processing page... https://w.linovelib.com/novel/682/32780.html
Processing page... https://w.linovelib.com/novel/682/32780_2.html
Processing page... https://w.linovelib.com/novel/682/32780_3.html
Processing page... https://w.linovelib.com/novel/682/32780_4.html
chapter : 赠奏 「因为是朋友」
Processing page... https://w.linovelib.com/novel/682/32781.html
chapter : 后记
Processing page... https://w.linovelib.com/novel/682/32782.html
volume: 第九卷 索菲亚怀抱歌、羁绊及泪水
chapter : 插图
Processing page... https://w.linovelib.com/novel/682/117085.html
chapter : 序奏『遗忘之物』
Processing page... https://w.linovelib.com/novel/682/32784.html
chapter : 血奏『炎于起始』
Processing page... https://w.linovelib.com/novel/682/32785.html
Processing page... https://w.linovelib.com/novel/682/32785_2.html
chapter : 二奏『咆哮的世界』
Processing page... https://w.linovelib.com/novel/682/32786.html
Processing page... https://w.linovelib.com/novel/682/32786_2.html
Processing page... https://w.linovelib.com/novel/682/32786_3.html
Processing page... https://w.linovelib.com/novel/682/32786_4.html
Processing page... https://w.linovelib.com/novel/682/32786_5.html
chapter : 三奏『分歧，然后集结』
Processing page... https://w.linovelib.com/novel/682/32787.html
Processing page... https://w.linovelib.com/novel/682/32787_2.html
chapter : 四奏『那犹如一瞬的虹 —枯草色的—』
Processing page... https://w.linovelib.com/novel/682/32788.html
Processing page... https://w.linovelib.com/novel/682/32788_2.html
Processing page... https://w.linovelib.com/novel/682/32788_3.html
Processing page... https://w.linovelib.com/novel/682/32788_4.html
Processing page... https://w.linovelib.com/novel/682/32788_5.html
Processing page... https://w.linovelib.com/novel/682/32788_6.html
Processing page... https://w.linovelib.com/novel/682/32788_7.html
Processing page... https://w.linovelib.com/novel/682/32788_8.html
Processing page... https://w.linovelib.com/novel/682/32788_9.html
Processing page... https://w.linovelib.com/novel/682/32788_10.html
chapter : 五奏『从壳中觉醒之物』
Processing page... https://w.linovelib.com/novel/682/32789.html
Processing page... https://w.linovelib.com/novel/682/32789_2.html
Processing page... https://w.linovelib.com/novel/682/32789_3.html
Processing page... https://w.linovelib.com/novel/682/32789_4.html
chapter : 终奏『如同微笑 你在哭泣』
Processing page... https://w.linovelib.com/novel/682/32790.html
Processing page... https://w.linovelib.com/novel/682/32790_2.html
Processing page... https://w.linovelib.com/novel/682/32790_3.html
Processing page... https://w.linovelib.com/novel/682/32790_4.html
Processing page... https://w.linovelib.com/novel/682/32790_5.html
Processing page... https://w.linovelib.com/novel/682/32790_6.html
Processing page... https://w.linovelib.com/novel/682/32790_7.html
chapter : 间奏 『赶往荒野之人』
Processing page... https://w.linovelib.com/novel/682/32791.html
chapter : 序奏 「黎明前夕」
Processing page... https://w.linovelib.com/novel/682/32792.html
Processing page... https://w.linovelib.com/novel/682/32792_2.html
Processing page... https://w.linovelib.com/novel/682/32792_3.html
Processing page... https://w.linovelib.com/novel/682/32792_4.html
Processing page... https://w.linovelib.com/novel/682/32792_5.html
Processing page... https://w.linovelib.com/novel/682/32792_6.html
Processing page... https://w.linovelib.com/novel/682/32792_7.html
chapter : 后记
Processing page... https://w.linovelib.com/novel/682/32793.html
volume: 第十卷 黎明色的咏使
chapter : 插图
Processing page... https://w.linovelib.com/novel/682/117086.html
chapter : 夜奏 「你在黎明时微笑」
Processing page... https://w.linovelib.com/novel/682/32795.html
Processing page... https://w.linovelib.com/novel/682/32795_2.html
Processing page... https://w.linovelib.com/novel/682/32795_3.html
Processing page... https://w.linovelib.com/novel/682/32795_4.html
Processing page... https://w.linovelib.com/novel/682/32795_5.html
Processing page... https://w.linovelib.com/novel/682/32795_6.html
chapter : 空奏「萧的礼赞于焉降临」
Processing page... https://w.linovelib.com/novel/682/32796.html
chapter : 真奏 「梦见所有歌曲的孩子们之塔」
Processing page... https://w.linovelib.com/novel/682/32797.html
Processing page... https://w.linovelib.com/novel/682/32797_2.html
Processing page... https://w.linovelib.com/novel/682/32797_3.html
Processing page... https://w.linovelib.com/novel/682/32797_4.html
Processing page... https://w.linovelib.com/novel/682/32797_5.html
chapter : 真奏 「少女向百亿颗星星祈祷」
Processing page... https://w.linovelib.com/novel/682/32798.html
Processing page... https://w.linovelib.com/novel/682/32798_2.html
chapter : 真奏 「新约之门、米克瓦的挑战者」
Processing page... https://w.linovelib.com/novel/682/32799.html
Processing page... https://w.linovelib.com/novel/682/32799_2.html
Processing page... https://w.linovelib.com/novel/682/32799_3.html
Processing page... https://w.linovelib.com/novel/682/32799_4.html
Processing page... https://w.linovelib.com/novel/682/32799_5.html
Processing page... https://w.linovelib.com/novel/682/32799_6.html
Processing page... https://w.linovelib.com/novel/682/32799_7.html
Processing page... https://w.linovelib.com/novel/682/32799_8.html
Processing page... https://w.linovelib.com/novel/682/32799_9.html
chapter : 真奏 「为黄昏所爱之人啊，继承歌、羁绊及泪水」
Processing page... https://w.linovelib.com/novel/682/32800.html
Processing page... https://w.linovelib.com/novel/682/32800_2.html
Processing page... https://w.linovelib.com/novel/682/32800_3.html
Processing page... https://w.linovelib.com/novel/682/32800_4.html
Processing page... https://w.linovelib.com/novel/682/32800_5.html
chapter : 终奏 「黎明色的咏使」
Processing page... https://w.linovelib.com/novel/682/32801.html
Processing page... https://w.linovelib.com/novel/682/32801_2.html
Processing page... https://w.linovelib.com/novel/682/32801_3.html
Processing page... https://w.linovelib.com/novel/682/32801_4.html
Processing page... https://w.linovelib.com/novel/682/32801_5.html
Processing page... https://w.linovelib.com/novel/682/32801_6.html
Processing page... https://w.linovelib.com/novel/682/32801_7.html
Processing page... https://w.linovelib.com/novel/682/32801_8.html
Processing page... https://w.linovelib.com/novel/682/32801_9.html
Processing page... https://w.linovelib.com/novel/682/32801_10.html
Processing page... https://w.linovelib.com/novel/682/32801_11.html
Processing page... https://w.linovelib.com/novel/682/32801_12.html
chapter : 赠奏「有一天一定会再见面」
Processing page... https://w.linovelib.com/novel/682/32802.html
Processing page... https://w.linovelib.com/novel/682/32802_2.html
Processing page... https://w.linovelib.com/novel/682/32802_3.html
Processing page... https://w.linovelib.com/novel/682/32802_4.html
Processing page... https://w.linovelib.com/novel/682/32802_5.html
chapter : 后记
Processing page... https://w.linovelib.com/novel/682/32803.html
Processing page... https://w.linovelib.com/novel/682/32803_2.html
[Milestone]: save pickle/682_content_dict.pickle done.
[Milestone]: save pickle/682_image_dict.pickle done.
[INFO]: All the data of book(id=682) except image files is ready. Start making an ebook now.
[Config]: has_illustration: True; divide_volume: False
len(images urls) = 141
len(urls_set) = 141
downloading image: https://img.linovelib.com/0/682/117081/50734.jpg
downloading image: https://img.linovelib.com/0/682/117079/50698.jpg
downloading image: https://img.linovelib.com/0/682/117077/50661.jpg
downloading image: https://img.linovelib.com/0/682/117082/50741.jpg
downloading image: https://img.linovelib.com/0/682/117083/50756.jpg
downloading image: https://img.linovelib.com/0/682/117081/50723.jpg
downloading image: https://img.linovelib.com/0/682/117080/50720.jpg
downloading image: https://img.linovelib.com/0/682/117079/50692.jpg
Image images/0-682-117079-50692.jpg Saved.
downloading image: https://img.linovelib.com/0/682/117079/50708.jpg
Image images/0-682-117083-50756.jpg Saved.
downloading image: https://img.linovelib.com/0/682/117085/50784.jpg
Image images/0-682-117081-50723.jpg Saved.
downloading image: https://img.linovelib.com/0/682/117080/50715.jpg
Image images/0-682-117080-50715.jpg Saved.
downloading image: https://img.linovelib.com/0/682/117084/50769.jpg
Image images/0-682-117081-50734.jpg Saved.
downloading image: https://img.linovelib.com/0/682/117077/50671.jpg
Image images/0-682-117079-50708.jpg Saved.
downloading image: https://img.linovelib.com/0/682/117079/50703.jpg
Image images/0-682-117085-50784.jpg Saved.
downloading image: https://img.linovelib.com/0/682/117078/50686.jpg
Image images/0-682-117080-50720.jpg Saved.
downloading image: https://img.linovelib.com/0/682/117077/50669.jpg
Image images/0-682-117084-50769.jpg Saved.
downloading image: https://img.linovelib.com/0/682/117078/50687.jpg
Image images/0-682-117079-50703.jpg Saved.
downloading image: https://img.linovelib.com/0/682/117080/50711.jpg
Image images/0-682-117082-50741.jpg Saved.
downloading image: https://img.linovelib.com/0/682/117082/50743.jpg
Image images/0-682-117078-50687.jpg Saved.
downloading image: https://img.linovelib.com/0/682/117083/50762.jpg
Image images/0-682-117077-50671.jpg Saved.
downloading image: https://img.linovelib.com/0/682/117078/50678.jpg
Image images/0-682-117078-50686.jpg Saved.
downloading image: https://img.linovelib.com/0/682/117082/50747.jpg
Image images/0-682-117082-50743.jpg Saved.
downloading image: https://img.linovelib.com/0/682/117083/50757.jpg
Image images/0-682-117083-50762.jpg Saved.
downloading image: https://img.linovelib.com/0/682/117080/50722.jpg
Image images/0-682-117080-50711.jpg Saved.
downloading image: https://img.linovelib.com/0/682/117083/50759.jpg
Image images/0-682-117082-50747.jpg Saved.
downloading image: https://img.linovelib.com/0/682/117077/50670.jpg
Image images/0-682-117077-50669.jpg Saved.
downloading image: https://img.linovelib.com/0/682/117085/50782.jpg
Image images/0-682-117078-50678.jpg Saved.
downloading image: https://img.linovelib.com/0/682/117079/50697.jpg
Image images/0-682-117083-50757.jpg Saved.
downloading image: https://img.linovelib.com/0/682/117080/50719.jpg
Image images/0-682-117083-50759.jpg Saved.
downloading image: https://img.linovelib.com/0/682/117086/50797.jpg
Error occurred when download image of https://img.linovelib.com/0/682/117079/50698.jpg.
HTTPSConnectionPool(host='img.linovelib.com', port=443): Read timed out. (read timeout=10)
downloading image: https://img.linovelib.com/0/682/117082/50739.jpg
Image images/0-682-117080-50719.jpg Saved.
downloading image: https://img.linovelib.com/0/682/117082/50751.jpg
Image images/0-682-117080-50722.jpg Saved.
downloading image: https://img.linovelib.com/0/682/117081/50737.jpg
Image images/0-682-117077-50670.jpg Saved.
downloading image: https://img.linovelib.com/0/682/117078/50685.jpg
Image images/0-682-117079-50697.jpg Saved.
downloading image: https://img.linovelib.com/0/682/117080/50716.jpg
Error occurred when download image of https://img.linovelib.com/0/682/117077/50661.jpg.
HTTPSConnectionPool(host='img.linovelib.com', port=443): Read timed out.
downloading image: https://img.linovelib.com/0/682/117085/50780.jpg
Image images/0-682-117081-50737.jpg Saved.
downloading image: https://img.linovelib.com/0/682/117078/50676.jpg
Image images/0-682-117080-50716.jpg Saved.
downloading image: https://w.linovelib.com/files/article/image/0/682/682s.jpg
Image images/0-682-117085-50782.jpg Saved.
downloading image: https://img.linovelib.com/0/682/117079/50702.jpg
Image images/0-682-117082-50739.jpg Saved.
downloading image: https://img.linovelib.com/0/682/117085/50787.jpg
Image images/0-682-117078-50676.jpg Saved.
downloading image: https://img.linovelib.com/0/682/117086/50795.jpg
Image images/image-0-682-682s.jpg Saved.
downloading image: https://img.linovelib.com/0/682/117077/50662.jpg
Image images/0-682-117085-50780.jpg Saved.
downloading image: https://img.linovelib.com/0/682/117078/50681.jpg
Image images/0-682-117079-50702.jpg Saved.
downloading image: https://img.linovelib.com/0/682/117083/50763.jpg
Image images/0-682-117086-50795.jpg Saved.
downloading image: https://img.linovelib.com/0/682/117079/50701.jpg
Image images/0-682-117085-50787.jpg Saved.
downloading image: https://img.linovelib.com/0/682/117081/50736.jpg
Image images/0-682-117078-50685.jpg Saved.
downloading image: https://img.linovelib.com/0/682/117083/50755.jpg
Image images/0-682-117078-50681.jpg Saved.
downloading image: https://img.linovelib.com/0/682/117083/50766.jpg
Image images/0-682-117081-50736.jpg Saved.
downloading image: https://img.linovelib.com/0/682/117085/50783.jpg
Image images/0-682-117079-50701.jpg Saved.
downloading image: https://img.linovelib.com/0/682/117079/50694.jpg
Image images/0-682-117083-50766.jpg Saved.
downloading image: https://img.linovelib.com/0/682/117083/50760.jpg
Image images/0-682-117085-50783.jpg Saved.
downloading image: https://img.linovelib.com/0/682/117082/50740.jpg
Image images/0-682-117083-50760.jpg Saved.
downloading image: https://img.linovelib.com/0/682/117077/50672.jpg
Image images/0-682-117083-50755.jpg Saved.
downloading image: https://img.linovelib.com/0/682/117081/50728.jpg
Image images/0-682-117083-50763.jpg Saved.
downloading image: https://img.linovelib.com/0/682/117082/50746.jpg
Image images/0-682-117081-50728.jpg Saved.
downloading image: https://img.linovelib.com/0/682/117085/50786.jpg
Image images/0-682-117077-50672.jpg Saved.
downloading image: https://img.linovelib.com/0/682/117080/50712.jpg
Image images/0-682-117077-50662.jpg Saved.
downloading image: https://img.linovelib.com/0/682/117083/50761.jpg
Image images/0-682-117082-50751.jpg Saved.
downloading image: https://img.linovelib.com/0/682/117082/50738.jpg
Image images/0-682-117079-50694.jpg Saved.
downloading image: https://img.linovelib.com/0/682/117081/50735.jpg
Image images/0-682-117081-50735.jpg Saved.
downloading image: https://img.linovelib.com/0/682/117078/50682.jpg
Image images/0-682-117085-50786.jpg Saved.
downloading image: https://img.linovelib.com/0/682/117084/50770.jpg
Image images/0-682-117083-50761.jpg Saved.
downloading image: https://img.linovelib.com/0/682/117083/50765.jpg
Image images/0-682-117078-50682.jpg Saved.
downloading image: https://img.linovelib.com/0/682/117082/50745.jpg
Image images/0-682-117082-50745.jpg Saved.
downloading image: https://img.linovelib.com/0/682/117077/50665.jpg
Error occurred when download image of https://img.linovelib.com/0/682/117086/50797.jpg.
HTTPSConnectionPool(host='img.linovelib.com', port=443): Read timed out.
downloading image: https://img.linovelib.com/0/682/117079/50695.jpg
Image images/0-682-117083-50765.jpg Saved.
downloading image: https://img.linovelib.com/0/682/117084/50768.jpg
Image images/0-682-117082-50738.jpg Saved.
downloading image: https://img.linovelib.com/0/682/117086/50798.jpg
Image images/0-682-117077-50665.jpg Saved.
downloading image: https://img.linovelib.com/0/682/117080/50713.jpg
Image images/0-682-117084-50770.jpg Saved.
downloading image: https://img.linovelib.com/0/682/117084/50771.jpg
Image images/0-682-117079-50695.jpg Saved.
downloading image: https://img.linovelib.com/0/682/117081/50731.jpg
Error occurred when download image of https://img.linovelib.com/0/682/117082/50740.jpg.
HTTPSConnectionPool(host='img.linovelib.com', port=443): Read timed out. (read timeout=10)
downloading image: https://img.linovelib.com/0/682/117078/50691.jpg
Image images/0-682-117084-50768.jpg Saved.
downloading image: https://img.linovelib.com/0/682/117077/50667.jpg
Image images/0-682-117084-50771.jpg Saved.
downloading image: https://img.linovelib.com/0/682/117079/50705.jpg
Image images/0-682-117081-50731.jpg Saved.
downloading image: https://img.linovelib.com/0/682/117077/50664.jpg
Image images/0-682-117086-50798.jpg Saved.
downloading image: https://img.linovelib.com/0/682/117078/50679.jpg
Image images/0-682-117079-50705.jpg Saved.
downloading image: https://img.linovelib.com/0/682/117077/50668.jpg
Image images/0-682-117082-50746.jpg Saved.
downloading image: https://img.linovelib.com/0/682/117078/50684.jpg
Image images/0-682-117080-50713.jpg Saved.
downloading image: https://img.linovelib.com/0/682/117085/50789.jpg
Image images/0-682-117077-50664.jpg Saved.
downloading image: https://img.linovelib.com/0/682/117079/50693.jpg
Error occurred when download image of https://img.linovelib.com/0/682/117080/50712.jpg.
HTTPSConnectionPool(host='img.linovelib.com', port=443): Read timed out.
downloading image: https://img.linovelib.com/0/682/117081/50729.jpg
Image images/0-682-117085-50789.jpg Saved.
downloading image: https://img.linovelib.com/0/682/117078/50677.jpg
Image images/0-682-117078-50684.jpg Saved.
downloading image: https://img.linovelib.com/0/682/117084/50776.jpg
Image images/0-682-117078-50679.jpg Saved.
downloading image: https://img.linovelib.com/0/682/117080/50717.jpg
Image images/0-682-117078-50677.jpg Saved.
downloading image: https://img.linovelib.com/0/682/117077/50673.jpg
Image images/0-682-117079-50693.jpg Saved.
downloading image: https://img.linovelib.com/0/682/117082/50749.jpg
Image images/0-682-117084-50776.jpg Saved.
downloading image: https://img.linovelib.com/0/682/117078/50689.jpg
Image images/0-682-117077-50673.jpg Saved.
downloading image: https://img.linovelib.com/0/682/117083/50758.jpg
Image images/0-682-117081-50729.jpg Saved.
downloading image: https://img.linovelib.com/0/682/117083/50764.jpg
Image images/0-682-117083-50758.jpg Saved.
downloading image: https://img.linovelib.com/0/682/117079/50700.jpg
Image images/0-682-117083-50764.jpg Saved.
downloading image: https://img.linovelib.com/0/682/117077/50666.jpg
Image images/0-682-117080-50717.jpg Saved.
downloading image: https://img.linovelib.com/0/682/117077/50674.jpg
Image images/0-682-117077-50668.jpg Saved.
downloading image: https://img.linovelib.com/0/682/117081/50724.jpg
Image images/0-682-117077-50666.jpg Saved.
downloading image: https://img.linovelib.com/0/682/117077/50663.jpg
Image images/0-682-117078-50689.jpg Saved.
downloading image: https://img.linovelib.com/0/682/117086/50793.jpg
Image images/0-682-117077-50667.jpg Saved.
downloading image: https://img.linovelib.com/0/682/117082/50742.jpg
Image images/0-682-117086-50793.jpg Saved.
downloading image: https://img.linovelib.com/0/682/117080/50721.jpg
Image images/0-682-117081-50724.jpg Saved.
downloading image: https://img.linovelib.com/0/682/117078/50683.jpg
Image images/0-682-117082-50742.jpg Saved.
downloading image: https://img.linovelib.com/0/682/117082/50750.jpg
Image images/0-682-117082-50749.jpg Saved.
downloading image: https://img.linovelib.com/0/682/117080/50714.jpg
Image images/0-682-117078-50683.jpg Saved.
downloading image: https://img.linovelib.com/0/682/117086/50791.jpg
Image images/0-682-117080-50721.jpg Saved.
downloading image: https://img.linovelib.com/0/682/117083/50767.jpg
Image images/0-682-117082-50750.jpg Saved.
downloading image: https://img.linovelib.com/0/682/117086/50794.jpg
Image images/0-682-117080-50714.jpg Saved.
downloading image: https://img.linovelib.com/0/682/117084/50773.jpg
Image images/0-682-117079-50700.jpg Saved.
downloading image: https://img.linovelib.com/0/682/117084/50778.jpg
Image images/0-682-117083-50767.jpg Saved.
downloading image: https://img.linovelib.com/0/682/117081/50727.jpg
Image images/0-682-117084-50773.jpg Saved.
downloading image: https://img.linovelib.com/0/682/117084/50774.jpg
Image images/0-682-117086-50794.jpg Saved.
downloading image: https://img.linovelib.com/0/682/117079/50706.jpg
Image images/0-682-117081-50727.jpg Saved.
downloading image: https://img.linovelib.com/0/682/117086/50790.jpg
Error occurred when download image of https://img.linovelib.com/0/682/117078/50691.jpg.
HTTPSConnectionPool(host='img.linovelib.com', port=443): Read timed out.
downloading image: https://img.linovelib.com/0/682/117079/50704.jpg
Image images/0-682-117084-50778.jpg Saved.
downloading image: https://img.linovelib.com/0/682/117083/50752.jpg
Error occurred when download image of https://img.linovelib.com/0/682/117077/50674.jpg.
HTTPSConnectionPool(host='img.linovelib.com', port=443): Read timed out.
downloading image: https://img.linovelib.com/0/682/117081/50725.jpg
Image images/0-682-117086-50790.jpg Saved.
downloading image: https://img.linovelib.com/0/682/117081/50730.jpg
Image images/0-682-117086-50791.jpg Saved.
downloading image: https://img.linovelib.com/0/682/117078/50690.jpg
Image images/0-682-117081-50730.jpg Saved.
downloading image: https://img.linovelib.com/0/682/117086/50792.jpg
Image images/0-682-117078-50690.jpg Saved.
downloading image: https://img.linovelib.com/0/682/117080/50709.jpg
Image images/0-682-117081-50725.jpg Saved.
downloading image: https://img.linovelib.com/0/682/117079/50696.jpg
Image images/0-682-117083-50752.jpg Saved.
downloading image: https://img.linovelib.com/0/682/117084/50777.jpg
Image images/0-682-117079-50704.jpg Saved.
downloading image: https://img.linovelib.com/0/682/117080/50718.jpg
Image images/0-682-117084-50777.jpg Saved.
downloading image: https://img.linovelib.com/0/682/117081/50733.jpg
Error occurred when download image of https://img.linovelib.com/0/682/117077/50663.jpg.
HTTPSConnectionPool(host='img.linovelib.com', port=443): Read timed out.
downloading image: https://img.linovelib.com/0/682/117078/50680.jpg
Image images/0-682-117086-50792.jpg Saved.
downloading image: https://img.linovelib.com/0/682/117077/50660.jpg
Image images/0-682-117080-50709.jpg Saved.
downloading image: https://img.linovelib.com/0/682/117079/50707.jpg
Image images/0-682-117080-50718.jpg Saved.
downloading image: https://img.linovelib.com/0/682/117078/50688.jpg
Image images/0-682-117081-50733.jpg Saved.
downloading image: https://img.linovelib.com/0/682/117084/50775.jpg
Image images/0-682-117079-50707.jpg Saved.
downloading image: https://img.linovelib.com/0/682/117077/50675.jpg
Image images/0-682-117078-50688.jpg Saved.
downloading image: https://img.linovelib.com/0/682/117082/50744.jpg
Image images/0-682-117077-50675.jpg Saved.
Image images/0-682-117084-50775.jpg Saved.
downloading image: https://img.linovelib.com/0/682/117080/50710.jpg
Image images/0-682-117080-50710.jpg Saved.
downloading image: https://img.linovelib.com/0/682/117082/50748.jpg
Image images/0-682-117082-50744.jpg Saved.
Image images/0-682-117082-50748.jpg Saved.
downloading image: https://img.linovelib.com/0/682/117086/50796.jpg
Error occurred when download image of https://img.linovelib.com/0/682/117084/50774.jpg.
HTTPSConnectionPool(host='img.linovelib.com', port=443): Read timed out.
downloading image: https://img.linovelib.com/0/682/117081/50732.jpg
Image images/0-682-117078-50680.jpg Saved.
downloading image: https://img.linovelib.com/0/682/117083/50754.jpg
Image images/0-682-117081-50732.jpg Saved.
Image images/0-682-117086-50796.jpg Saved.
downloading image: https://img.linovelib.com/0/682/117084/50772.jpg
Image images/0-682-117079-50696.jpg Saved.
downloading image: https://img.linovelib.com/0/682/117085/50781.jpg
Error occurred when download image of https://img.linovelib.com/0/682/117077/50660.jpg.
HTTPSConnectionPool(host='img.linovelib.com', port=443): Read timed out. (read timeout=10)
downloading image: https://img.linovelib.com/0/682/117085/50785.jpg
Image images/0-682-117083-50754.jpg Saved.
downloading image: https://img.linovelib.com/0/682/117084/50779.jpg
Image images/0-682-117079-50706.jpg Saved.
Image images/0-682-117084-50779.jpg Saved.
downloading image: https://img.linovelib.com/0/682/117086/50799.jpg
Image images/0-682-117085-50781.jpg Saved.
downloading image: https://img.linovelib.com/0/682/117083/50753.jpg
Image images/0-682-117084-50772.jpg Saved.
Image images/0-682-117086-50799.jpg Saved.
Image images/0-682-117083-50753.jpg Saved.
downloading image: https://img.linovelib.com/0/682/117079/50699.jpg
Image images/0-682-117079-50699.jpg Saved.
Image images/0-682-117085-50785.jpg Saved.
downloading image: https://img.linovelib.com/0/682/117081/50726.jpg
Image images/0-682-117081-50726.jpg Saved.
downloading image: https://img.linovelib.com/0/682/117085/50788.jpg
Image images/0-682-117085-50788.jpg Saved.
Some errors occurred when download images. Retry those links that failed to request.
Error image links size: 10
Error image links: ['https://img.linovelib.com/0/682/117077/50660.jpg', 'https://img.linovelib.com/0/682/117077/50661.jpg', 'https://img.linovelib.com/0/682/117077/50663.jpg', 'https://img.linovelib.com/0/682/117077/50674.jpg', 'https://img.linovelib.com/0/682/117078/50691.jpg', 'https://img.linovelib.com/0/682/117079/50698.jpg', 'https://img.linovelib.com/0/682/117080/50712.jpg', 'https://img.linovelib.com/0/682/117082/50740.jpg', 'https://img.linovelib.com/0/682/117084/50774.jpg', 'https://img.linovelib.com/0/682/117086/50797.jpg']
Retry downloading image: https://img.linovelib.com/0/682/117077/50660.jpg
Image images/0-682-117077-50660.jpg Saved.
Retry downloading image: https://img.linovelib.com/0/682/117077/50661.jpg
Image images/0-682-117077-50661.jpg Saved.
Retry downloading image: https://img.linovelib.com/0/682/117077/50663.jpg
Image images/0-682-117077-50663.jpg Saved.
Retry downloading image: https://img.linovelib.com/0/682/117077/50674.jpg
Image images/0-682-117077-50674.jpg Saved.
Retry downloading image: https://img.linovelib.com/0/682/117078/50691.jpg
Error occurred when download image of ['https://img.linovelib.com/0/682/117077/50660.jpg', 'https://img.linovelib.com/0/682/117077/50661.jpg', 'https://img.linovelib.com/0/682/117077/50663.jpg', 'https://img.linovelib.com/0/682/117077/50674.jpg', 'https://img.linovelib.com/0/682/117078/50691.jpg', 'https://img.linovelib.com/0/682/117079/50698.jpg', 'https://img.linovelib.com/0/682/117080/50712.jpg', 'https://img.linovelib.com/0/682/117082/50740.jpg', 'https://img.linovelib.com/0/682/117084/50774.jpg', 'https://img.linovelib.com/0/682/117086/50797.jpg'].
HTTPSConnectionPool(host='img.linovelib.com', port=443): Read timed out.
Retry downloading image: https://img.linovelib.com/0/682/117079/50698.jpg
Image images/0-682-117079-50698.jpg Saved.
Retry downloading image: https://img.linovelib.com/0/682/117080/50712.jpg
Image images/0-682-117080-50712.jpg Saved.
Retry downloading image: https://img.linovelib.com/0/682/117082/50740.jpg
Image images/0-682-117082-50740.jpg Saved.
Retry downloading image: https://img.linovelib.com/0/682/117084/50774.jpg
Image images/0-682-117084-50774.jpg Saved.
Retry downloading image: https://img.linovelib.com/0/682/117086/50797.jpg
Image images/0-682-117086-50797.jpg Saved.
sorted_error_links: ['https://img.linovelib.com/0/682/117078/50691.jpg']
Some errors occurred when download images. Retry those links that failed to request.
Error image links size: 1
Error image links: ['https://img.linovelib.com/0/682/117078/50691.jpg']
Retry downloading image: https://img.linovelib.com/0/682/117078/50691.jpg
Image images/0-682-117078-50691.jpg Saved.
sorted_error_links: []
volume: 第一卷 夏娃在黎明时微笑
chapter: 插图
chapter: 「彩虹与夜色的交会──远在起始之前──」
chapter: 「红色与夜色的练习曲」
chapter: 「群众的交响曲」
chapter: 「风唤起了枯草色的回忆」
chapter: 「开端与约定的歌剧」
chapter: 「誓者高歌，世界啊，迎接黄昏」
chapter: 「你所盼望的喜悦──夏娃在黎明时微笑──」
chapter: 「黎明色的咏使」
volume: 第二卷 咏唱少女将往何方
chapter: 插图
chapter: 序
chapter: 梦奏 「希望重回那一天、那一刻」
chapter: 序奏 “薄暮中的两人”
chapter: 一奏 “想成为红铜色的咏使”
chapter: 二奏 “仅仅渴求这一刻”
chapter: 三奏 “我想逃开，可是，不知为何却又无法割舍”
chapter: 间奏 “夏季凉风的牵引”
chapter: 四奏 “请指引我，让长枪成为守护的方向”
chapter: 终奏 “众人高歌 咏唱枪使的方向”
chapter: 间奏 第二幕 “三年前——”
chapter: 赠奏 “咏唱祓名民的荣耀”
chapter: 回奏 “三年前 Lastihyt:miquvy Wer shela-c-nixer arsa”
chapter: 后记
volume: 第三卷 败者之王高唱阿玛迪斯之诗
chapter: 插图
chapter: 序奏
chapter: 回奏「我在那里看到的是——」
chapter: 序奏 第二幕「A小调的音色」
chapter: 一奏「未知之歌的鼓动」」
chapter: 二奏「如果我没回来——」
chapter: 三奏「你不认为这是个很棒的夜晚吗——Kluele Sophi Net——」
chapter: 四奏「疼痛?发烧?抽痛——声音」
chapter: 间奏 第二幕「那一天那一刻，你见到了什么？
chapter: 间奏 第二幕「那一天那一刻，你见到了什么？
chapter: 终奏「夜色之卵孵化时
chapter: 赠奏「因为这里永远是歇息的地方」
chapter: 后记
volume: 第四卷 舞动的世界、夏娃的调音
chapter: 插图
chapter: 虚奏「心的碎片」
chapter: 序奏「于札拉贝尔——泪之岛上」
chapter: 一奏「破碎的绯红」
chapter: 间奏「异端之长」
chapter: 二奏「摇篮、沉睡、静谧的夜」
chapter: 三奏「最长、最深的一夜展开」
chapter: 间奏 第二幕「于凯修塔鲁罗亚—风碎之岛上」
chapter: 四奏「空白与黎明的交会」
chapter: 五奏「孤挺花舞动，世界的调音走调」
chapter: 间奏 第三幕二旦不决心的曲调」
chapter: 终奏「夜色的理由，在映照一切的夜空下」
chapter: 连奏「在比任何人都遥远的地方」
chapter: 赠奏「在如此靠近之处」
chapter: 后记
volume: 第五卷 梦见所有歌曲的孩子们
chapter: 插图
chapter: 序奏
chapter: 一奏
chapter: 二奏
chapter: 三奏
chapter: 四奏
chapter: 五奏
chapter: 六奏
chapter: 终奏
chapter: 赠奏
chapter: 后记
volume: 短篇
chapter: 寻找吧，那是我的宝物！
volume: 第六卷 萧的福音于焉降临
chapter: 插图
chapter: 序章
chapter: 红奏「赠与你的小小黑之歌」
chapter: 绿奏「快找，那是我的!」
chapter: 蓝奏「超越阿玛迪斯者」
chapter: 白奏「距离花园最近的场所」
chapter: 黄奏「快跑，那是我的!」
chapter: 虹奏「直到重逢那一天的夜曲」
chapter: 禁律.夜奏「孤挺花于午夜绽放」
chapter: 禁律.空奏「萧的福音于焉降临」
chapter: 后记
volume: 第七卷 新约之门 米克瓦的洗礼
chapter: 插图
chapter: 序奏 「萧、汝为仅只是伫立者」
chapter: 一奏 「预感」」
chapter: 二奏 「未至」
chapter: 间奏 「脚步声」
chapter: 三奏 「再忆」
chapter: 四奏 「灰色」
chapter: 五奏「仅只是伫立在那处者」
chapter: 六奏 「新约之门、歌咏的世界响起祈祷」
chapter: 七奏 阳 「夜──预兆──」
chapter: 七奏 月「夜—始音—」
chapter: 终奏 「夜──有如微笑般──」
chapter: 后记
volume: 第八卷 莉莉丝向百亿颗星星祈祷
chapter: 插图
chapter: 序奏 「有如微笑般」
chapter: 一奏 「同行者澄澈的决心」
chapter: 间奏 「A小调」
chapter: 二奏 「瑟拉的庭园」
chapter: 绯奏 「莉莉丝向百亿颗星星祈祷」
chapter: 三奏 「诀别」
chapter: 间奏·第二幕 「作为朋友」
chapter: 四奏 「至少在这些血燃尽前」
chapter: 绯奏·第二幕 「在最漫长、深沉、冰冷的夜里」
chapter: 终奏 「交会，接着进一步朝时间中心前去」
chapter: 赠奏 「因为是朋友」
chapter: 后记
volume: 第九卷 索菲亚怀抱歌、羁绊及泪水
chapter: 插图
chapter: 序奏『遗忘之物』
chapter: 血奏『炎于起始』
chapter: 二奏『咆哮的世界』
chapter: 三奏『分歧，然后集结』
chapter: 四奏『那犹如一瞬的虹 —枯草色的—』
chapter: 五奏『从壳中觉醒之物』
chapter: 终奏『如同微笑 你在哭泣』
chapter: 间奏 『赶往荒野之人』
chapter: 序奏 「黎明前夕」
chapter: 后记
volume: 第十卷 黎明色的咏使
chapter: 插图
chapter: 夜奏 「你在黎明时微笑」
chapter: 空奏「萧的礼赞于焉降临」
chapter: 真奏 「梦见所有歌曲的孩子们之塔」
chapter: 真奏 「少女向百亿颗星星祈祷」
chapter: 真奏 「新约之门、米克瓦的挑战者」
chapter: 真奏 「为黄昏所爱之人啊，继承歌、羁绊及泪水」
chapter: 终奏 「黎明色的咏使」
chapter: 赠奏「有一天一定会再见面」
chapter: 后记
Now book_content(text) is ready.
Now all images in book_content are ready.
Write epub finished. Now delete all the artifacts.

Process finished with exit code 0
