C:\Python\Python37\python.exe D:/Code/PycharmProjects/linovelib2epub/src/linovelib2epub/linovelib2epub.py
The last unfinished work was detected, continue with your last job? [y/n]: y
[INFO]: All the data of book(id=3211) except image files is ready. Start making an ebook now.
[Config]: has_illustration: True; divide_volume: False
downloading image: https://img.linovelib.com/3/3211/163938/193293.jpg
downloading image: https://img.linovelib.com/3/3211/163938/193297.jpg
downloading image: https://img.linovelib.com/3/3211/163938/193295.jpg
downloading image: https://img.linovelib.com/3/3211/163938/193299.jpg
downloading image: https://img.linovelib.com/3/3211/163938/193301.jpg
downloading image: https://img.linovelib.com/3/3211/163938/193303.jpg
downloading image: https://img.linovelib.com/3/3211/163938/193305.jpg
downloading image: https://img.linovelib.com/3/3211/163938/193307.jpg
Image images/3-3211-163938-193303.jpg Saved.
downloading image: https://img.linovelib.com/3/3211/163938/193304.jpg
Image images/3-3211-163938-193304.jpg Saved.
downloading image: https://img.linovelib.com/3/3211/163938/193300.jpg
Image images/3-3211-163938-193299.jpg Saved.
downloading image: https://img.linovelib.com/3/3211/163938/193300.jpg
Image images/3-3211-163938-193307.jpg Saved.
downloading image: https://img.linovelib.com/3/3211/163938/193308.jpg
Image images/3-3211-163938-193305.jpg Saved.
downloading image: https://img.linovelib.com/3/3211/163938/193306.jpg
Image images/3-3211-163938-193297.jpg Saved.
downloading image: https://img.linovelib.com/3/3211/163938/193298.jpg
Image images/3-3211-163938-193306.jpg Saved.
downloading image: https://img.linovelib.com/3/3211/163938/193302.jpg
Image images/3-3211-163938-193308.jpg Saved.
downloading image: https://img.linovelib.com/3/3211/163949/193309.jpg
Image images/3-3211-163938-193300.jpg Saved.
downloading image: https://img.linovelib.com/3/3211/163938/193301.jpg
Image images/3-3211-163938-193300.jpg Saved.
downloading image: https://img.linovelib.com/3/3211/171048/200284.jpg
Image images/3-3211-163938-193302.jpg Saved.
downloading image: https://img.linovelib.com/3/3211/171048/200286.jpg
Image images/3-3211-163938-193293.jpg Saved.
downloading image: https://img.linovelib.com/3/3211/163938/193294.jpg
Error occurred when download image of https://img.linovelib.com/3/3211/163938/193295.jpg.
HTTPSConnectionPool(host='img.linovelib.com', port=443): Read timed out. (read timeout=10)
downloading image: https://img.linovelib.com/3/3211/163938/193296.jpg
Image images/3-3211-163938-193298.jpg Saved.
downloading image: https://img.linovelib.com/3/3211/171048/200288.jpg
Error occurred when download image of https://img.linovelib.com/3/3211/163938/193301.jpg.
HTTPSConnectionPool(host='img.linovelib.com', port=443): Read timed out. (read timeout=10)
downloading image: https://img.linovelib.com/3/3211/171048/200290.jpg
Image images/3-3211-163938-193301.jpg Saved.
downloading image: https://img.linovelib.com/3/3211/171048/200288.jpg
Image images/3-3211-163938-193294.jpg Saved.
downloading image: https://img.linovelib.com/3/3211/171048/200290.jpg
Image images/3-3211-171048-200284.jpg Saved.
downloading image: https://img.linovelib.com/3/3211/171048/200285.jpg
Image images/3-3211-163938-193296.jpg Saved.
downloading image: https://w.linovelib.com/files/article/image/3/3211/3211s.jpg
Image images/image-3-3211-3211s.jpg Saved.
Error occurred when download image of https://img.linovelib.com/3/3211/163949/193309.jpg.
HTTPSConnectionPool(host='img.linovelib.com', port=443): Read timed out.
Error occurred when download image of https://img.linovelib.com/3/3211/171048/200286.jpg.
HTTPSConnectionPool(host='img.linovelib.com', port=443): Read timed out.
downloading image: https://img.linovelib.com/3/3211/171048/200287.jpg
Image images/3-3211-171048-200285.jpg Saved.
Image images/3-3211-171048-200288.jpg Saved.
downloading image: https://img.linovelib.com/3/3211/171048/200289.jpg
Error occurred when download image of https://img.linovelib.com/3/3211/171048/200290.jpg.
HTTPSConnectionPool(host='img.linovelib.com', port=443): Read timed out. (read timeout=10)
downloading image: https://img.linovelib.com/3/3211/171048/200291.jpg
Error occurred when download image of https://img.linovelib.com/3/3211/171048/200288.jpg.
HTTPSConnectionPool(host='img.linovelib.com', port=443): Read timed out.
downloading image: https://img.linovelib.com/3/3211/171048/200289.jpg
Image images/3-3211-171048-200289.jpg Saved.
Image images/3-3211-171048-200287.jpg Saved.
Error occurred when download image of https://img.linovelib.com/3/3211/171048/200290.jpg.
HTTPSConnectionPool(host='img.linovelib.com', port=443): Read timed out.
downloading image: https://img.linovelib.com/3/3211/171048/200291.jpg
Image images/3-3211-171048-200291.jpg Saved.
Image images/3-3211-171048-200289.jpg Saved.
Error occurred when download image of https://img.linovelib.com/3/3211/171048/200291.jpg.
HTTPSConnectionPool(host='img.linovelib.com', port=443): Read timed out.
Some errors occurred when download images. Retry those links that failed to request.
Error image links size: 8
Error image links: ['https://img.linovelib.com/3/3211/163938/193295.jpg', 'https://img.linovelib.com/3/3211/163938/193301.jpg', 'https://img.linovelib.com/3/3211/163949/193309.jpg', 'https://img.linovelib.com/3/3211/171048/200286.jpg', 'https://img.linovelib.com/3/3211/171048/200288.jpg', 'https://img.linovelib.com/3/3211/171048/200290.jpg', 'https://img.linovelib.com/3/3211/171048/200290.jpg', 'https://img.linovelib.com/3/3211/171048/200291.jpg']
Retry downloading image: https://img.linovelib.com/3/3211/163938/193295.jpg
Image images/3-3211-163938-193295.jpg Saved.
filename_exists: images\3-3211-163938-193301.jpg
sorted_error_links: None
volume: 第一卷
chapter: 插图
chapter: 序章 没有成为主角的「路人角色」的无趣校园恋爱喜剧
chapter: 第一话 青梅竹马的无口女主角只会对我侃侃而谈
chapter: 第二话 名为龙崎龙马的『主角』
chapter: 第三话 说自己是路人角色这种悲伤的话是不行的喔
chapter: 第四话『转』
chapter: 第五话 女配角的宿命
chapter: 第六话 无法再扮演一个路人角色
chapter: 第七话 只属于我的主角
chapter: 终章 霜月同学喜欢上了路人角色
chapter: 余谈 来自某位创作者(自称)的自言自语
chapter: 后记
volume: 第二卷
chapter: 插图
chapter: 序章 落魄后宫主角的独白
chapter: 第一话 救场的女角色?
chapter: 第二话 中山梓的后日谈
chapter: 第三话 现世报恋爱喜剧
chapter: 第四话 女配角的末路
Now book_content(text) is ready.
Now all images in book_content are ready.
Write epub finished. Now delete all the artifacts.

Process finished with exit code 0
